==1920== Memcheck, a memory error detector
==1920== Copyright (C) 2002-2017, and GNU GPL'd, by Julian Seward et al.
==1920== Using Valgrind-3.17.0.GIT-lbmacos-adaae87a41-20201121 and LibVEX; rerun with -h for copyright info
==1920== Command: ./minishell
==1920== Parent PID: 85480
==1920== 
--1920-- 
--1920-- Valgrind options:
--1920--    -v
--1920--    --tool=memcheck
--1920--    --leak-check=full
--1920--    --num-callers=40
--1920--    --log-file=valgrind.log
--1920-- Output from sysctl({CTL_KERN,KERN_VERSION}):
--1920--   Darwin Kernel Version 18.7.0: Tue Aug 20 16:57:14 PDT 2019; root:xnu-4903.271.2~2/RELEASE_X86_64
--1920-- Arch and hwcaps: AMD64, LittleEndian, amd64-cx16-lzcnt-rdtscp-sse3-ssse3-avx-avx2-bmi-f16c-rdrand
--1920-- Page sizes: currently 4096, max supported 4096
--1920-- Valgrind library directory: /Users/mcottonm/.brew/Cellar/valgrind/HEAD-adaae87/lib/valgrind
--1920-- ./minishell (rx at 0x100000000, rw at 0x100007000)
--1920--    reading syms   from primary file (133 14)
--1920--    dSYM= ./minishell.dSYM/Contents/Resources/DWARF/minishell
--1920--    dSYM does not have correct UUID (out of date?)
--1920-- run: /usr/bin/dsymutil "./minishell"
--1920--    dsyms= ./minishell.dSYM/Contents/Resources/DWARF/minishell
--1920-- /usr/lib/dyld (rx at 0x10000e000, rw at 0x100079000)
--1920--    reading syms   from primary file (5 2132)
--1920-- Scheduler: using generic scheduler lock implementation.
--1920-- Reading suppressions file: /Users/mcottonm/.brew/Cellar/valgrind/HEAD-adaae87/lib/valgrind/default.supp
==1920== embedded gdbserver: reading from /var/folders/zz/zyxvpxvq6csfxvn_n0001mm4000d51/T//vgdb-pipe-from-vgdb-to-1920-by-mcottonm-on-???
==1920== embedded gdbserver: writing to   /var/folders/zz/zyxvpxvq6csfxvn_n0001mm4000d51/T//vgdb-pipe-to-vgdb-from-1920-by-mcottonm-on-???
==1920== embedded gdbserver: shared mem   /var/folders/zz/zyxvpxvq6csfxvn_n0001mm4000d51/T//vgdb-pipe-shared-mem-vgdb-1920-by-mcottonm-on-???
==1920== 
==1920== TO CONTROL THIS PROCESS USING vgdb (which you probably
==1920== don't want to do, unless you know exactly what you're doing,
==1920== or are doing some strange experiment):
==1920==   /Users/mcottonm/.brew/Cellar/valgrind/HEAD-adaae87/lib/valgrind/../../bin/vgdb --pid=1920 ...command...
==1920== 
==1920== TO DEBUG THIS PROCESS USING GDB: start GDB like this
==1920==   /path/to/gdb ./minishell
==1920== and then give GDB the following command
==1920==   target remote | /Users/mcottonm/.brew/Cellar/valgrind/HEAD-adaae87/lib/valgrind/../../bin/vgdb --pid=1920
==1920== --pid is optional if only one valgrind process is running
==1920== 
--1920-- REDIR: 0x10004f120 (dyld:strcmp) redirected to 0x2580576c0 (???)
--1920-- REDIR: 0x1000495f6 (dyld:arc4random) redirected to 0x25805775e (???)
--1920-- REDIR: 0x10004e500 (dyld:strlen) redirected to 0x25805768f (???)
--1920-- REDIR: 0x10004f420 (dyld:strcpy) redirected to 0x2580576dc (???)
--1920-- REDIR: 0x10004c6f0 (dyld:strcat) redirected to 0x2580576a0 (???)
--1920-- REDIR: 0x10004e2f0 (dyld:strlcat) redirected to 0x2580576f9 (???)
--1920-- /Users/mcottonm/.brew/Cellar/valgrind/HEAD-adaae87/lib/valgrind/vgpreload_core-amd64-darwin.so (rx at 0x1000d9000, rw at 0x1000dd000)
--1920--    reading syms   from primary file (3 52)
--1920--    dSYM= /Users/mcottonm/.brew/Cellar/valgrind/HEAD-adaae87/lib/valgrind/vgpreload_core-amd64-darwin.so.dSYM/Contents/Resources/DWARF/vgpreload_core-amd64-darwin.so
--1920-- /Users/mcottonm/.brew/Cellar/valgrind/HEAD-adaae87/lib/valgrind/vgpreload_memcheck-amd64-darwin.so (rx at 0x1000e0000, rw at 0x1000e7000)
--1920--    reading syms   from primary file (75 61)
--1920--    dSYM= /Users/mcottonm/.brew/Cellar/valgrind/HEAD-adaae87/lib/valgrind/vgpreload_memcheck-amd64-darwin.so.dSYM/Contents/Resources/DWARF/vgpreload_memcheck-amd64-darwin.so
--1920-- /usr/lib/libSystem.B.dylib (rx at 0x1000ec000, rw at 0x1000ee000)
--1920--    reading syms   from primary file (29 7)
--1920-- /usr/lib/system/libcache.dylib (rx at 0x1000f3000, rw at 0x1000f8000)
--1920--    reading syms   from primary file (32 28)
--1920-- /usr/lib/system/libcommonCrypto.dylib (rx at 0x1000fd000, rw at 0x100108000)
--1920--    reading syms   from primary file (222 164)
--1920-- /usr/lib/system/libcompiler_rt.dylib (rx at 0x100115000, rw at 0x10011d000)
--1920--    reading syms   from primary file (510 8)
--1920-- /usr/lib/system/libcopyfile.dylib (rx at 0x10012a000, rw at 0x100134000)
--1920--    reading syms   from primary file (11 37)
--1920-- /usr/lib/system/libcorecrypto.dylib (rx at 0x10013a000, rw at 0x1001bf000)
--1920--    reading syms   from primary file (525 697)
--1920-- /usr/lib/system/libdispatch.dylib (rx at 0x1001db000, rw at 0x100215000)
--1920--    reading syms   from primary file (300 878)
--1920-- /usr/lib/system/libdyld.dylib (rx at 0x100245000, rw at 0x100272000)
--1920--    reading syms   from primary file (107 1127)
--1920-- /usr/lib/system/libkeymgr.dylib (rx at 0x100290000, rw at 0x100291000)
--1920--    reading syms   from primary file (11 2)
--1920-- /usr/lib/system/libmacho.dylib (rx at 0x10029c000, rw at 0x1002a2000)
--1920--    reading syms   from primary file (105 2)
--1920-- /usr/lib/system/libquarantine.dylib (rx at 0x1002a8000, rw at 0x1002ab000)
--1920--    reading syms   from primary file (71 38)
--1920-- /usr/lib/system/libremovefile.dylib (rx at 0x1002b1000, rw at 0x1002b3000)
--1920--    reading syms   from primary file (12 6)
--1920-- /usr/lib/system/libsystem_asl.dylib (rx at 0x1002b8000, rw at 0x1002d0000)
--1920--    reading syms   from primary file (220 227)
--1920-- /usr/lib/system/libsystem_blocks.dylib (rx at 0x1002dd000, rw at 0x1002de000)
--1920--    reading syms   from primary file (21 7)
--1920-- /usr/lib/system/libsystem_c.dylib (rx at 0x1002e2000, rw at 0x10036a000)
--1920--    reading syms   from primary file (1342 803)
--1920-- /usr/lib/system/libsystem_configuration.dylib (rx at 0x100392000, rw at 0x100396000)
--1920--    reading syms   from primary file (38 64)
--1920-- /usr/lib/system/libsystem_coreservices.dylib (rx at 0x10039c000, rw at 0x1003a0000)
--1920--    reading syms   from primary file (14 43)
--1920-- /usr/lib/system/libsystem_darwin.dylib (rx at 0x1003a5000, rw at 0x1003ac000)
--1920--    reading syms   from primary file (40 331)
--1920-- /usr/lib/system/libsystem_dnssd.dylib (rx at 0x1003b6000, rw at 0x1003bd000)
--1920--    reading syms   from primary file (39 34)
--1920-- /usr/lib/system/libsystem_info.dylib (rx at 0x1003c2000, rw at 0x10040e000)
--1920--    reading syms   from primary file (426 719)
--1920-- /usr/lib/system/libsystem_m.dylib (rx at 0x100424000, rw at 0x100470000)
--1920--    reading syms   from primary file (811 1)
--1920-- /usr/lib/system/libsystem_malloc.dylib (rx at 0x10047e000, rw at 0x1004a9000)
--1920--    reading syms   from primary file (156 420)
--1920-- /usr/lib/system/libsystem_networkextension.dylib (rx at 0x1004b8000, rw at 0x1004c3000)
--1920--    reading syms   from primary file (99 180)
--1920-- /usr/lib/system/libsystem_notify.dylib (rx at 0x1004ce000, rw at 0x1004d6000)
--1920--    reading syms   from primary file (23 1)
--1920-- /usr/lib/system/libsystem_sandbox.dylib (rx at 0x1004dc000, rw at 0x1004e0000)
--1920--    reading syms   from primary file (100 13)
--1920-- /usr/lib/system/libsystem_secinit.dylib (rx at 0x1004e6000, rw at 0x1004e9000)
--1920--    reading syms   from primary file (4 7)
--1920-- /usr/lib/system/libsystem_kernel.dylib (rx at 0x1004ee000, rw at 0x100517000)
--1920--    reading syms   from primary file (1306 120)
--1920-- /usr/lib/system/libsystem_platform.dylib (rx at 0x100531000, rw at 0x10053b000)
--1920--    reading syms   from primary file (166 105)
--1920-- /usr/lib/system/libsystem_pthread.dylib (rx at 0x100543000, rw at 0x10054e000)
--1920--    reading syms   from primary file (186 99)
--1920-- /usr/lib/system/libsystem_symptoms.dylib (rx at 0x100558000, rw at 0x100560000)
--1920--    reading syms   from primary file (10 89)
--1920-- /usr/lib/system/libsystem_trace.dylib (rx at 0x100566000, rw at 0x10057c000)
--1920--    reading syms   from primary file (126 235)
--1920-- /usr/lib/system/libunwind.dylib (rx at 0x10058a000, rw at 0x100590000)
--1920--    reading syms   from primary file (102 52)
--1920-- /usr/lib/system/libxpc.dylib (rx at 0x100597000, rw at 0x1005c7000)
--1920--    reading syms   from primary file (590 928)
--1920-- /usr/lib/libobjc.A.dylib (rx at 0x1005ea000, rw at 0x100d70000)
--1920--    reading syms   from primary file (360 900)
--1920-- /usr/lib/libc++abi.dylib (rx at 0x100f27000, rw at 0x100f3d000)
--1920--    reading syms   from primary file (375 604)
--1920-- /usr/lib/libc++.1.dylib (rx at 0x100f53000, rw at 0x100fa7000)
--1920--    reading syms   from primary file (2023 1671)
--1920-- REDIR: 0x100532740 (libsystem_platform.dylib:_platform_memcmp) redirected to 0x1000e3c53 (_platform_memcmp)
--1920-- REDIR: 0x100532fc0 (libsystem_platform.dylib:_platform_strncmp) redirected to 0x1000e35ed (_platform_strncmp)
--1920-- REDIR: 0x100533360 (libsystem_platform.dylib:_platform_strcmp) redirected to 0x1000e3667 (_platform_strcmp)
--1920-- REDIR: 0x1004823a6 (libsystem_malloc.dylib:calloc) redirected to 0x1000e1f36 (calloc)
--1920-- REDIR: 0x10048252c (libsystem_malloc.dylib:malloc_default_zone) redirected to 0x1000e2c61 (malloc_default_zone)
--1920-- REDIR: 0x10047fc32 (libsystem_malloc.dylib:malloc_zone_malloc) redirected to 0x1000e1b88 (malloc_zone_malloc)
--1920-- REDIR: 0x1004823e1 (libsystem_malloc.dylib:malloc_zone_calloc) redirected to 0x1000e2122 (malloc_zone_calloc)
--1920-- REDIR: 0x10047fbfd (libsystem_malloc.dylib:malloc) redirected to 0x1000e1920 (malloc)
--1920-- REDIR: 0x100482536 (libsystem_malloc.dylib:malloc_zone_from_ptr) redirected to 0x1000e2ca2 (malloc_zone_from_ptr)
--1920-- REDIR: 0x100482839 (libsystem_malloc.dylib:free) redirected to 0x1000e1cfc (free)
--1920-- REDIR: 0x10048587d (libsystem_malloc.dylib:realloc) redirected to 0x1000e22b4 (realloc)
--1920-- REDIR: 0x1005331a0 (libsystem_platform.dylib:_platform_strchr$VARIANT$Haswell) redirected to 0x1000e2f13 (_platform_strchr$VARIANT$Haswell)
--2092-- REDIR: 0x100361dd2 (libsystem_c.dylib:__strncpy_chk) redirected to 0x1000e33f9 (__strncpy_chk)
--2093-- REDIR: 0x100361dd2 (libsystem_c.dylib:__strncpy_chk) redirected to 0x1000e33f9 (__strncpy_chk)
--2094-- REDIR: 0x100361dd2 (libsystem_c.dylib:__strncpy_chk) redirected to 0x1000e33f9 (__strncpy_chk)
==1920== 
==1920== HEAP SUMMARY:
==1920==     in use at exit: 22,206 bytes in 315 blocks
==1920==   total heap usage: 530 allocs, 215 frees, 34,585 bytes allocated
==1920== 
==1920== Searching for pointers to 315 not-freed blocks
==1920== Checked 10,751,304 bytes
==1920== 
==1920== 24 bytes in 1 blocks are possibly lost in loss record 18 of 58
==1920==    at 0x1000E21B1: malloc_zone_calloc (in /Users/mcottonm/.brew/Cellar/valgrind/HEAD-adaae87/lib/valgrind/vgpreload_memcheck-amd64-darwin.so)
==1920==    by 0x1005EDDE3: freeBuckets(NXHashTable*, int) (in /usr/lib/libobjc.A.dylib)
==1920==    by 0x1005EDAFE: NXHashInsert (in /usr/lib/libobjc.A.dylib)
==1920==    by 0x1005ED9BF: hashPrototype(void const*, void const*) (in /usr/lib/libobjc.A.dylib)
==1920==    by 0x1005ECAB4: _read_images (in /usr/lib/libobjc.A.dylib)
==1920==    by 0x1005EBA4F: _hasObjcContents (in /usr/lib/libobjc.A.dylib)
==1920==    by 0x1005FE55F: __objc_personality_v0 (in /usr/lib/libobjc.A.dylib)
==1920==    by 0x10001347A: dyld::notifyBatchPartial(dyld_image_states, bool, char const* (*)(dyld_image_states, unsigned int, dyld_image_info const*), bool, bool) (in /usr/lib/dyld)
==1920==    by 0x10001362D: dyld::registerObjCNotifiers(void (*)(unsigned int, char const* const*, mach_header const* const*), void (*)(char const*, mach_header const*), void (*)(char const*, mach_header const*)) (in /usr/lib/dyld)
==1920==    by 0x100246A26: _dyld_objc_notify_register (in /usr/lib/system/libdyld.dylib)
==1920==    by 0x1005EB233: environ_init (in /usr/lib/libobjc.A.dylib)
==1920==    by 0x1001DDE35: _os_object_init (in /usr/lib/system/libdispatch.dylib)
==1920==    by 0x1001E9AD1: libdispatch_init (in /usr/lib/system/libdispatch.dylib)
==1920==    by 0x1000ED9C4: libSystem_initializer (in /usr/lib/libSystem.B.dylib)
==1920==    by 0x100026591: ImageLoaderMachO::doModInitFunctions(ImageLoader::LinkContext const&) (in /usr/lib/dyld)
==1920==    by 0x100026797: ImageLoaderMachO::doInitialization(ImageLoader::LinkContext const&) (in /usr/lib/dyld)
==1920==    by 0x100021BE9: ImageLoader::recursiveInitialization(ImageLoader::LinkContext const&, unsigned int, char const*, ImageLoader::InitializerTimingList&, ImageLoader::UninitedUpwards&) (in /usr/lib/dyld)
==1920==    by 0x100021B7F: ImageLoader::recursiveInitialization(ImageLoader::LinkContext const&, unsigned int, char const*, ImageLoader::InitializerTimingList&, ImageLoader::UninitedUpwards&) (in /usr/lib/dyld)
==1920==    by 0x100020D72: ImageLoader::processInitializers(ImageLoader::LinkContext const&, unsigned int, ImageLoader::InitializerTimingList&, ImageLoader::UninitedUpwards&) (in /usr/lib/dyld)
==1920==    by 0x100020E04: ImageLoader::runInitializers(ImageLoader::LinkContext const&, ImageLoader::InitializerTimingList&) (in /usr/lib/dyld)
==1920==    by 0x10001071E: dyld::initializeMainExecutable() (in /usr/lib/dyld)
==1920==    by 0x100015708: dyld::_main(macho_header const*, unsigned long, int, char const**, char const**, char const**, unsigned long*) (in /usr/lib/dyld)
==1920==    by 0x10000F502: dyldbootstrap::start(macho_header const*, int, char const**, long, macho_header const*, unsigned long*) (in /usr/lib/dyld)
==1920==    by 0x10000F035: _dyld_start (in /usr/lib/dyld)
==1920== 
==1920== 24 bytes in 1 blocks are possibly lost in loss record 19 of 58
==1920==    at 0x1000E21B1: malloc_zone_calloc (in /Users/mcottonm/.brew/Cellar/valgrind/HEAD-adaae87/lib/valgrind/vgpreload_memcheck-amd64-darwin.so)
==1920==    by 0x1005EDDE3: freeBuckets(NXHashTable*, int) (in /usr/lib/libobjc.A.dylib)
==1920==    by 0x1005EDEC7: remapClass(objc_class*) (in /usr/lib/libobjc.A.dylib)
==1920==    by 0x1005EDE1E: TimeLogger::log(char const*) (in /usr/lib/libobjc.A.dylib)
==1920==    by 0x1005ED921: NXHashGet (in /usr/lib/libobjc.A.dylib)
==1920==    by 0x1005ED846: NXCreateHashTableFromZone (in /usr/lib/libobjc.A.dylib)
==1920==    by 0x1005EF417: NXMapRemove (in /usr/lib/libobjc.A.dylib)
==1920==    by 0x100603067: _unload_image (in /usr/lib/libobjc.A.dylib)
==1920==    by 0x100602A8C: _objc_flush_caches (in /usr/lib/libobjc.A.dylib)
==1920==    by 0x100602A6B: _objc_flush_caches (in /usr/lib/libobjc.A.dylib)
==1920==    by 0x100602A6B: _objc_flush_caches (in /usr/lib/libobjc.A.dylib)
==1920==    by 0x100602A6B: _objc_flush_caches (in /usr/lib/libobjc.A.dylib)
==1920==    by 0x1005ED266: _read_images (in /usr/lib/libobjc.A.dylib)
==1920==    by 0x1005EBA4F: _hasObjcContents (in /usr/lib/libobjc.A.dylib)
==1920==    by 0x1005FE55F: __objc_personality_v0 (in /usr/lib/libobjc.A.dylib)
==1920==    by 0x10001347A: dyld::notifyBatchPartial(dyld_image_states, bool, char const* (*)(dyld_image_states, unsigned int, dyld_image_info const*), bool, bool) (in /usr/lib/dyld)
==1920==    by 0x10001362D: dyld::registerObjCNotifiers(void (*)(unsigned int, char const* const*, mach_header const* const*), void (*)(char const*, mach_header const*), void (*)(char const*, mach_header const*)) (in /usr/lib/dyld)
==1920==    by 0x100246A26: _dyld_objc_notify_register (in /usr/lib/system/libdyld.dylib)
==1920==    by 0x1005EB233: environ_init (in /usr/lib/libobjc.A.dylib)
==1920==    by 0x1001DDE35: _os_object_init (in /usr/lib/system/libdispatch.dylib)
==1920==    by 0x1001E9AD1: libdispatch_init (in /usr/lib/system/libdispatch.dylib)
==1920==    by 0x1000ED9C4: libSystem_initializer (in /usr/lib/libSystem.B.dylib)
==1920==    by 0x100026591: ImageLoaderMachO::doModInitFunctions(ImageLoader::LinkContext const&) (in /usr/lib/dyld)
==1920==    by 0x100026797: ImageLoaderMachO::doInitialization(ImageLoader::LinkContext const&) (in /usr/lib/dyld)
==1920==    by 0x100021BE9: ImageLoader::recursiveInitialization(ImageLoader::LinkContext const&, unsigned int, char const*, ImageLoader::InitializerTimingList&, ImageLoader::UninitedUpwards&) (in /usr/lib/dyld)
==1920==    by 0x100021B7F: ImageLoader::recursiveInitialization(ImageLoader::LinkContext const&, unsigned int, char const*, ImageLoader::InitializerTimingList&, ImageLoader::UninitedUpwards&) (in /usr/lib/dyld)
==1920==    by 0x100020D72: ImageLoader::processInitializers(ImageLoader::LinkContext const&, unsigned int, ImageLoader::InitializerTimingList&, ImageLoader::UninitedUpwards&) (in /usr/lib/dyld)
==1920==    by 0x100020E04: ImageLoader::runInitializers(ImageLoader::LinkContext const&, ImageLoader::InitializerTimingList&) (in /usr/lib/dyld)
==1920==    by 0x10001071E: dyld::initializeMainExecutable() (in /usr/lib/dyld)
==1920==    by 0x100015708: dyld::_main(macho_header const*, unsigned long, int, char const**, char const**, char const**, unsigned long*) (in /usr/lib/dyld)
==1920==    by 0x10000F502: dyldbootstrap::start(macho_header const*, int, char const**, long, macho_header const*, unsigned long*) (in /usr/lib/dyld)
==1920==    by 0x10000F035: _dyld_start (in /usr/lib/dyld)
==1920== 
==1920== 48 bytes in 2 blocks are possibly lost in loss record 31 of 58
==1920==    at 0x1000E1FF0: calloc (in /Users/mcottonm/.brew/Cellar/valgrind/HEAD-adaae87/lib/valgrind/vgpreload_memcheck-amd64-darwin.so)
==1920==    by 0x1005EB742: map_images_nolock (in /usr/lib/libobjc.A.dylib)
==1920==    by 0x1005FE55F: __objc_personality_v0 (in /usr/lib/libobjc.A.dylib)
==1920==    by 0x10001347A: dyld::notifyBatchPartial(dyld_image_states, bool, char const* (*)(dyld_image_states, unsigned int, dyld_image_info const*), bool, bool) (in /usr/lib/dyld)
==1920==    by 0x10001362D: dyld::registerObjCNotifiers(void (*)(unsigned int, char const* const*, mach_header const* const*), void (*)(char const*, mach_header const*), void (*)(char const*, mach_header const*)) (in /usr/lib/dyld)
==1920==    by 0x100246A26: _dyld_objc_notify_register (in /usr/lib/system/libdyld.dylib)
==1920==    by 0x1005EB233: environ_init (in /usr/lib/libobjc.A.dylib)
==1920==    by 0x1001DDE35: _os_object_init (in /usr/lib/system/libdispatch.dylib)
==1920==    by 0x1001E9AD1: libdispatch_init (in /usr/lib/system/libdispatch.dylib)
==1920==    by 0x1000ED9C4: libSystem_initializer (in /usr/lib/libSystem.B.dylib)
==1920==    by 0x100026591: ImageLoaderMachO::doModInitFunctions(ImageLoader::LinkContext const&) (in /usr/lib/dyld)
==1920==    by 0x100026797: ImageLoaderMachO::doInitialization(ImageLoader::LinkContext const&) (in /usr/lib/dyld)
==1920==    by 0x100021BE9: ImageLoader::recursiveInitialization(ImageLoader::LinkContext const&, unsigned int, char const*, ImageLoader::InitializerTimingList&, ImageLoader::UninitedUpwards&) (in /usr/lib/dyld)
==1920==    by 0x100021B7F: ImageLoader::recursiveInitialization(ImageLoader::LinkContext const&, unsigned int, char const*, ImageLoader::InitializerTimingList&, ImageLoader::UninitedUpwards&) (in /usr/lib/dyld)
==1920==    by 0x100020D72: ImageLoader::processInitializers(ImageLoader::LinkContext const&, unsigned int, ImageLoader::InitializerTimingList&, ImageLoader::UninitedUpwards&) (in /usr/lib/dyld)
==1920==    by 0x100020E04: ImageLoader::runInitializers(ImageLoader::LinkContext const&, ImageLoader::InitializerTimingList&) (in /usr/lib/dyld)
==1920==    by 0x10001071E: dyld::initializeMainExecutable() (in /usr/lib/dyld)
==1920==    by 0x100015708: dyld::_main(macho_header const*, unsigned long, int, char const**, char const**, char const**, unsigned long*) (in /usr/lib/dyld)
==1920==    by 0x10000F502: dyldbootstrap::start(macho_header const*, int, char const**, long, macho_header const*, unsigned long*) (in /usr/lib/dyld)
==1920==    by 0x10000F035: _dyld_start (in /usr/lib/dyld)
==1920== 
==1920== 528 bytes in 1 blocks are possibly lost in loss record 49 of 58
==1920==    at 0x1000E1C0A: malloc_zone_malloc (in /Users/mcottonm/.brew/Cellar/valgrind/HEAD-adaae87/lib/valgrind/vgpreload_memcheck-amd64-darwin.so)
==1920==    by 0x1005ED968: NXHashGet (in /usr/lib/libobjc.A.dylib)
==1920==    by 0x1005ED846: NXCreateHashTableFromZone (in /usr/lib/libobjc.A.dylib)
==1920==    by 0x1005EF417: NXMapRemove (in /usr/lib/libobjc.A.dylib)
==1920==    by 0x100603067: _unload_image (in /usr/lib/libobjc.A.dylib)
==1920==    by 0x100602A8C: _objc_flush_caches (in /usr/lib/libobjc.A.dylib)
==1920==    by 0x100602A6B: _objc_flush_caches (in /usr/lib/libobjc.A.dylib)
==1920==    by 0x100602A6B: _objc_flush_caches (in /usr/lib/libobjc.A.dylib)
==1920==    by 0x100602A6B: _objc_flush_caches (in /usr/lib/libobjc.A.dylib)
==1920==    by 0x1005ED266: _read_images (in /usr/lib/libobjc.A.dylib)
==1920==    by 0x1005EBA4F: _hasObjcContents (in /usr/lib/libobjc.A.dylib)
==1920==    by 0x1005FE55F: __objc_personality_v0 (in /usr/lib/libobjc.A.dylib)
==1920==    by 0x10001347A: dyld::notifyBatchPartial(dyld_image_states, bool, char const* (*)(dyld_image_states, unsigned int, dyld_image_info const*), bool, bool) (in /usr/lib/dyld)
==1920==    by 0x10001362D: dyld::registerObjCNotifiers(void (*)(unsigned int, char const* const*, mach_header const* const*), void (*)(char const*, mach_header const*), void (*)(char const*, mach_header const*)) (in /usr/lib/dyld)
==1920==    by 0x100246A26: _dyld_objc_notify_register (in /usr/lib/system/libdyld.dylib)
==1920==    by 0x1005EB233: environ_init (in /usr/lib/libobjc.A.dylib)
==1920==    by 0x1001DDE35: _os_object_init (in /usr/lib/system/libdispatch.dylib)
==1920==    by 0x1001E9AD1: libdispatch_init (in /usr/lib/system/libdispatch.dylib)
==1920==    by 0x1000ED9C4: libSystem_initializer (in /usr/lib/libSystem.B.dylib)
==1920==    by 0x100026591: ImageLoaderMachO::doModInitFunctions(ImageLoader::LinkContext const&) (in /usr/lib/dyld)
==1920==    by 0x100026797: ImageLoaderMachO::doInitialization(ImageLoader::LinkContext const&) (in /usr/lib/dyld)
==1920==    by 0x100021BE9: ImageLoader::recursiveInitialization(ImageLoader::LinkContext const&, unsigned int, char const*, ImageLoader::InitializerTimingList&, ImageLoader::UninitedUpwards&) (in /usr/lib/dyld)
==1920==    by 0x100021B7F: ImageLoader::recursiveInitialization(ImageLoader::LinkContext const&, unsigned int, char const*, ImageLoader::InitializerTimingList&, ImageLoader::UninitedUpwards&) (in /usr/lib/dyld)
==1920==    by 0x100020D72: ImageLoader::processInitializers(ImageLoader::LinkContext const&, unsigned int, ImageLoader::InitializerTimingList&, ImageLoader::UninitedUpwards&) (in /usr/lib/dyld)
==1920==    by 0x100020E04: ImageLoader::runInitializers(ImageLoader::LinkContext const&, ImageLoader::InitializerTimingList&) (in /usr/lib/dyld)
==1920==    by 0x10001071E: dyld::initializeMainExecutable() (in /usr/lib/dyld)
==1920==    by 0x100015708: dyld::_main(macho_header const*, unsigned long, int, char const**, char const**, char const**, unsigned long*) (in /usr/lib/dyld)
==1920==    by 0x10000F502: dyldbootstrap::start(macho_header const*, int, char const**, long, macho_header const*, unsigned long*) (in /usr/lib/dyld)
==1920==    by 0x10000F035: _dyld_start (in /usr/lib/dyld)
==1920== 
==1920== 2,064 bytes in 1 blocks are possibly lost in loss record 54 of 58
==1920==    at 0x1000E1C0A: malloc_zone_malloc (in /Users/mcottonm/.brew/Cellar/valgrind/HEAD-adaae87/lib/valgrind/vgpreload_memcheck-amd64-darwin.so)
==1920==    by 0x1005ED968: NXHashGet (in /usr/lib/libobjc.A.dylib)
==1920==    by 0x1005ED846: NXCreateHashTableFromZone (in /usr/lib/libobjc.A.dylib)
==1920==    by 0x1005ECA91: _read_images (in /usr/lib/libobjc.A.dylib)
==1920==    by 0x1005EBA4F: _hasObjcContents (in /usr/lib/libobjc.A.dylib)
==1920==    by 0x1005FE55F: __objc_personality_v0 (in /usr/lib/libobjc.A.dylib)
==1920==    by 0x10001347A: dyld::notifyBatchPartial(dyld_image_states, bool, char const* (*)(dyld_image_states, unsigned int, dyld_image_info const*), bool, bool) (in /usr/lib/dyld)
==1920==    by 0x10001362D: dyld::registerObjCNotifiers(void (*)(unsigned int, char const* const*, mach_header const* const*), void (*)(char const*, mach_header const*), void (*)(char const*, mach_header const*)) (in /usr/lib/dyld)
==1920==    by 0x100246A26: _dyld_objc_notify_register (in /usr/lib/system/libdyld.dylib)
==1920==    by 0x1005EB233: environ_init (in /usr/lib/libobjc.A.dylib)
==1920==    by 0x1001DDE35: _os_object_init (in /usr/lib/system/libdispatch.dylib)
==1920==    by 0x1001E9AD1: libdispatch_init (in /usr/lib/system/libdispatch.dylib)
==1920==    by 0x1000ED9C4: libSystem_initializer (in /usr/lib/libSystem.B.dylib)
==1920==    by 0x100026591: ImageLoaderMachO::doModInitFunctions(ImageLoader::LinkContext const&) (in /usr/lib/dyld)
==1920==    by 0x100026797: ImageLoaderMachO::doInitialization(ImageLoader::LinkContext const&) (in /usr/lib/dyld)
==1920==    by 0x100021BE9: ImageLoader::recursiveInitialization(ImageLoader::LinkContext const&, unsigned int, char const*, ImageLoader::InitializerTimingList&, ImageLoader::UninitedUpwards&) (in /usr/lib/dyld)
==1920==    by 0x100021B7F: ImageLoader::recursiveInitialization(ImageLoader::LinkContext const&, unsigned int, char const*, ImageLoader::InitializerTimingList&, ImageLoader::UninitedUpwards&) (in /usr/lib/dyld)
==1920==    by 0x100020D72: ImageLoader::processInitializers(ImageLoader::LinkContext const&, unsigned int, ImageLoader::InitializerTimingList&, ImageLoader::UninitedUpwards&) (in /usr/lib/dyld)
==1920==    by 0x100020E04: ImageLoader::runInitializers(ImageLoader::LinkContext const&, ImageLoader::InitializerTimingList&) (in /usr/lib/dyld)
==1920==    by 0x10001071E: dyld::initializeMainExecutable() (in /usr/lib/dyld)
==1920==    by 0x100015708: dyld::_main(macho_header const*, unsigned long, int, char const**, char const**, char const**, unsigned long*) (in /usr/lib/dyld)
==1920==    by 0x10000F502: dyldbootstrap::start(macho_header const*, int, char const**, long, macho_header const*, unsigned long*) (in /usr/lib/dyld)
==1920==    by 0x10000F035: _dyld_start (in /usr/lib/dyld)
==1920== 
==1920== 2,064 bytes in 1 blocks are possibly lost in loss record 55 of 58
==1920==    at 0x1000E1C0A: malloc_zone_malloc (in /Users/mcottonm/.brew/Cellar/valgrind/HEAD-adaae87/lib/valgrind/vgpreload_memcheck-amd64-darwin.so)
==1920==    by 0x1005EE845: objc_class::setHasCustomRR(bool) (in /usr/lib/libobjc.A.dylib)
==1920==    by 0x1005EE70F: addSubclass(objc_class*, objc_class*) (in /usr/lib/libobjc.A.dylib)
==1920==    by 0x1005ED021: _read_images (in /usr/lib/libobjc.A.dylib)
==1920==    by 0x1005EBA4F: _hasObjcContents (in /usr/lib/libobjc.A.dylib)
==1920==    by 0x1005FE55F: __objc_personality_v0 (in /usr/lib/libobjc.A.dylib)
==1920==    by 0x10001347A: dyld::notifyBatchPartial(dyld_image_states, bool, char const* (*)(dyld_image_states, unsigned int, dyld_image_info const*), bool, bool) (in /usr/lib/dyld)
==1920==    by 0x10001362D: dyld::registerObjCNotifiers(void (*)(unsigned int, char const* const*, mach_header const* const*), void (*)(char const*, mach_header const*), void (*)(char const*, mach_header const*)) (in /usr/lib/dyld)
==1920==    by 0x100246A26: _dyld_objc_notify_register (in /usr/lib/system/libdyld.dylib)
==1920==    by 0x1005EB233: environ_init (in /usr/lib/libobjc.A.dylib)
==1920==    by 0x1001DDE35: _os_object_init (in /usr/lib/system/libdispatch.dylib)
==1920==    by 0x1001E9AD1: libdispatch_init (in /usr/lib/system/libdispatch.dylib)
==1920==    by 0x1000ED9C4: libSystem_initializer (in /usr/lib/libSystem.B.dylib)
==1920==    by 0x100026591: ImageLoaderMachO::doModInitFunctions(ImageLoader::LinkContext const&) (in /usr/lib/dyld)
==1920==    by 0x100026797: ImageLoaderMachO::doInitialization(ImageLoader::LinkContext const&) (in /usr/lib/dyld)
==1920==    by 0x100021BE9: ImageLoader::recursiveInitialization(ImageLoader::LinkContext const&, unsigned int, char const*, ImageLoader::InitializerTimingList&, ImageLoader::UninitedUpwards&) (in /usr/lib/dyld)
==1920==    by 0x100021B7F: ImageLoader::recursiveInitialization(ImageLoader::LinkContext const&, unsigned int, char const*, ImageLoader::InitializerTimingList&, ImageLoader::UninitedUpwards&) (in /usr/lib/dyld)
==1920==    by 0x100020D72: ImageLoader::processInitializers(ImageLoader::LinkContext const&, unsigned int, ImageLoader::InitializerTimingList&, ImageLoader::UninitedUpwards&) (in /usr/lib/dyld)
==1920==    by 0x100020E04: ImageLoader::runInitializers(ImageLoader::LinkContext const&, ImageLoader::InitializerTimingList&) (in /usr/lib/dyld)
==1920==    by 0x10001071E: dyld::initializeMainExecutable() (in /usr/lib/dyld)
==1920==    by 0x100015708: dyld::_main(macho_header const*, unsigned long, int, char const**, char const**, char const**, unsigned long*) (in /usr/lib/dyld)
==1920==    by 0x10000F502: dyldbootstrap::start(macho_header const*, int, char const**, long, macho_header const*, unsigned long*) (in /usr/lib/dyld)
==1920==    by 0x10000F035: _dyld_start (in /usr/lib/dyld)
==1920== 
==1920== 4,112 bytes in 1 blocks are possibly lost in loss record 58 of 58
==1920==    at 0x1000E1C0A: malloc_zone_malloc (in /Users/mcottonm/.brew/Cellar/valgrind/HEAD-adaae87/lib/valgrind/vgpreload_memcheck-amd64-darwin.so)
==1920==    by 0x1005EE845: objc_class::setHasCustomRR(bool) (in /usr/lib/libobjc.A.dylib)
==1920==    by 0x1005EE70F: addSubclass(objc_class*, objc_class*) (in /usr/lib/libobjc.A.dylib)
==1920==    by 0x1006096A8: std::__1::__hash_table<std::__1::__hash_value_type<unsigned long, objc_references_support::ObjectAssociationMap*>, std::__1::__unordered_map_hasher<unsigned long, std::__1::__hash_value_type<unsigned long, objc_references_support::ObjectAssociationMap*>, objc_references_support::DisguisedPointerHash, true>, std::__1::__unordered_map_equal<unsigned long, std::__1::__hash_value_type<unsigned long, objc_references_support::ObjectAssociationMap*>, objc_references_support::DisguisedPointerEqual, true>, objc_references_support::ObjcAllocator<std::__1::__hash_value_type<unsigned long, objc_references_support::ObjectAssociationMap*> > >::__rehash(unsigned long) (in /usr/lib/libobjc.A.dylib)
==1920==    by 0x1005F9E29: updateCustomRR_AWZ(objc_class*, method_t*) (in /usr/lib/libobjc.A.dylib)
==1920==    by 0x1005EEEC4: addMethod(objc_class*, objc_selector*, void (*)(), char const*, bool) (in /usr/lib/libobjc.A.dylib)
==1920==    by 0x100602FDE: realizeAllClasses() (in /usr/lib/libobjc.A.dylib)
==1920==    by 0x100602A8C: _objc_flush_caches (in /usr/lib/libobjc.A.dylib)
==1920==    by 0x100602A6B: _objc_flush_caches (in /usr/lib/libobjc.A.dylib)
==1920==    by 0x100602A6B: _objc_flush_caches (in /usr/lib/libobjc.A.dylib)
==1920==    by 0x100602A6B: _objc_flush_caches (in /usr/lib/libobjc.A.dylib)
==1920==    by 0x1005ED266: _read_images (in /usr/lib/libobjc.A.dylib)
==1920==    by 0x1005EBA4F: _hasObjcContents (in /usr/lib/libobjc.A.dylib)
==1920==    by 0x1005FE55F: __objc_personality_v0 (in /usr/lib/libobjc.A.dylib)
==1920==    by 0x10001347A: dyld::notifyBatchPartial(dyld_image_states, bool, char const* (*)(dyld_image_states, unsigned int, dyld_image_info const*), bool, bool) (in /usr/lib/dyld)
==1920==    by 0x10001362D: dyld::registerObjCNotifiers(void (*)(unsigned int, char const* const*, mach_header const* const*), void (*)(char const*, mach_header const*), void (*)(char const*, mach_header const*)) (in /usr/lib/dyld)
==1920==    by 0x100246A26: _dyld_objc_notify_register (in /usr/lib/system/libdyld.dylib)
==1920==    by 0x1005EB233: environ_init (in /usr/lib/libobjc.A.dylib)
==1920==    by 0x1001DDE35: _os_object_init (in /usr/lib/system/libdispatch.dylib)
==1920==    by 0x1001E9AD1: libdispatch_init (in /usr/lib/system/libdispatch.dylib)
==1920==    by 0x1000ED9C4: libSystem_initializer (in /usr/lib/libSystem.B.dylib)
==1920==    by 0x100026591: ImageLoaderMachO::doModInitFunctions(ImageLoader::LinkContext const&) (in /usr/lib/dyld)
==1920==    by 0x100026797: ImageLoaderMachO::doInitialization(ImageLoader::LinkContext const&) (in /usr/lib/dyld)
==1920==    by 0x100021BE9: ImageLoader::recursiveInitialization(ImageLoader::LinkContext const&, unsigned int, char const*, ImageLoader::InitializerTimingList&, ImageLoader::UninitedUpwards&) (in /usr/lib/dyld)
==1920==    by 0x100021B7F: ImageLoader::recursiveInitialization(ImageLoader::LinkContext const&, unsigned int, char const*, ImageLoader::InitializerTimingList&, ImageLoader::UninitedUpwards&) (in /usr/lib/dyld)
==1920==    by 0x100020D72: ImageLoader::processInitializers(ImageLoader::LinkContext const&, unsigned int, ImageLoader::InitializerTimingList&, ImageLoader::UninitedUpwards&) (in /usr/lib/dyld)
==1920==    by 0x100020E04: ImageLoader::runInitializers(ImageLoader::LinkContext const&, ImageLoader::InitializerTimingList&) (in /usr/lib/dyld)
==1920==    by 0x10001071E: dyld::initializeMainExecutable() (in /usr/lib/dyld)
==1920==    by 0x100015708: dyld::_main(macho_header const*, unsigned long, int, char const**, char const**, char const**, unsigned long*) (in /usr/lib/dyld)
==1920==    by 0x10000F502: dyldbootstrap::start(macho_header const*, int, char const**, long, macho_header const*, unsigned long*) (in /usr/lib/dyld)
==1920==    by 0x10000F035: _dyld_start (in /usr/lib/dyld)
==1920== 
==1920== LEAK SUMMARY:
==1920==    definitely lost: 0 bytes in 0 blocks
==1920==    indirectly lost: 0 bytes in 0 blocks
==1920==      possibly lost: 8,864 bytes in 8 blocks
==1920==    still reachable: 13,342 bytes in 307 blocks
==1920==         suppressed: 0 bytes in 0 blocks
==1920== Reachable blocks (those to which a pointer was found) are not shown.
==1920== To see them, rerun with: --leak-check=full --show-leak-kinds=all
==1920== 
==1920== ERROR SUMMARY: 7 errors from 7 contexts (suppressed: 398 from 10)
--1920-- 
--1920-- used_suppression:    396 OSX1014:dyld-1 /Users/mcottonm/.brew/Cellar/valgrind/HEAD-adaae87/lib/valgrind/default.supp:726
--1920-- used_suppression:      2 OSX1014:dyld-6 /Users/mcottonm/.brew/Cellar/valgrind/HEAD-adaae87/lib/valgrind/default.supp:764
==1920== 
==1920== ERROR SUMMARY: 7 errors from 7 contexts (suppressed: 398 from 10)
